+ mkdir --parents /projects/mjolnir1/people/sjr729/tutorial/skimming_scripts/testClupea/fastq/echarvel_fast-skims_11.07/krank_output/krank_reports/
+ mkdir --parents /projects/mjolnir1/people/sjr729/tutorial/skimming_scripts/testClupea/fastq/echarvel_fast-skims_11.07/krank_output/decontaminated_files/
+ exec
+ echo 'DECONTAMINATING DATA...'
+ exec
+ exec
++ realpath /projects/mjolnir1/people/sjr729/tutorial/skimming_scripts/testClupea/fastq/echarvel_fast-skims_11.07 /projects/mjolnir1/people/sjr729/tutorial/skimming_scripts/testClupea/fastq/ERR9709202_1.fastq.gz /projects/mjolnir1/people/sjr729/tutorial/skimming_scripts/testClupea/fastq/ERR9709202_2.fastq.gz /projects/mjolnir1/people/sjr729/tutorial/skimming_scripts/testClupea/fastq/ERR9709203_1.fastq.gz /projects/mjolnir1/people/sjr729/tutorial/skimming_scripts/testClupea/fastq/ERR9709203_2.fastq.gz /projects/mjolnir1/people/sjr729/tutorial/skimming_scripts/testClupea/fastq/ERR9709204_1.fastq.gz /projects/mjolnir1/people/sjr729/tutorial/skimming_scripts/testClupea/fastq/ERR9709204_2.fastq.gz /projects/mjolnir1/people/sjr729/tutorial/skimming_scripts/testClupea/fastq/ERR9709206_1.fastq.gz /projects/mjolnir1/people/sjr729/tutorial/skimming_scripts/testClupea/fastq/ERR9709206_2.fastq.gz /projects/mjolnir1/people/sjr729/tutorial/skimming_scripts/testClupea/fastq/ERR9709208_1.fastq.gz /projects/mjolnir1/people/sjr729/tutorial/skimming_scripts/testClupea/fastq/ERR9709208_2.fastq.gz /projects/mjolnir1/people/sjr729/tutorial/skimming_scripts/testClupea/fastq/ERR9709209_1.fastq.gz /projects/mjolnir1/people/sjr729/tutorial/skimming_scripts/testClupea/fastq/ERR9709209_2.fastq.gz /projects/mjolnir1/people/sjr729/tutorial/skimming_scripts/testClupea/fastq/ERR9709210_1.fastq.gz /projects/mjolnir1/people/sjr729/tutorial/skimming_scripts/testClupea/fastq/ERR9709210_2.fastq.gz /projects/mjolnir1/people/sjr729/tutorial/skimming_scripts/testClupea/fastq/ERR9709211_1.fastq.gz /projects/mjolnir1/people/sjr729/tutorial/skimming_scripts/testClupea/fastq/ERR9709211_2.fastq.gz /projects/mjolnir1/people/sjr729/tutorial/skimming_scripts/testClupea/fastq/ERR9709212_1.fastq.gz /projects/mjolnir1/people/sjr729/tutorial/skimming_scripts/testClupea/fastq/ERR9709212_2.fastq.gz /projects/mjolnir1/people/sjr729/tutorial/skimming_scripts/testClupea/fastq/ERR9709213_1.fastq.gz /projects/mjolnir1/people/sjr729/tutorial/skimming_scripts/testClupea/fastq/ERR9709213_2.fastq.gz /projects/mjolnir1/people/sjr729/tutorial/skimming_scripts/testClupea/fastq/ERR9709214_1.fastq.gz /projects/mjolnir1/people/sjr729/tutorial/skimming_scripts/testClupea/fastq/ERR9709214_2.fastq.gz /projects/mjolnir1/people/sjr729/tutorial/skimming_scripts/testClupea/fastq/ERR9709215_1.fastq.gz /projects/mjolnir1/people/sjr729/tutorial/skimming_scripts/testClupea/fastq/ERR9709215_2.fastq.gz /projects/mjolnir1/people/sjr729/tutorial/skimming_scripts/testClupea/fastq/ERR9709216_1.fastq.gz /projects/mjolnir1/people/sjr729/tutorial/skimming_scripts/testClupea/fastq/ERR9709216_2.fastq.gz /projects/mjolnir1/people/sjr729/tutorial/skimming_scripts/testClupea/fastq/ERR9709217_1.fastq.gz /projects/mjolnir1/people/sjr729/tutorial/skimming_scripts/testClupea/fastq/ERR9709217_2.fastq.gz /projects/mjolnir1/people/sjr729/tutorial/skimming_scripts/testClupea/fastq/ERR9709218_1.fastq.gz /projects/mjolnir1/people/sjr729/tutorial/skimming_scripts/testClupea/fastq/ERR9709218_2.fastq.gz /projects/mjolnir1/people/sjr729/tutorial/skimming_scripts/testClupea/fastq/ERR9709220_1.fastq.gz /projects/mjolnir1/people/sjr729/tutorial/skimming_scripts/testClupea/fastq/ERR9709220_2.fastq.gz /projects/mjolnir1/people/sjr729/tutorial/skimming_scripts/testClupea/fastq/ERR9709221_1.fastq.gz /projects/mjolnir1/people/sjr729/tutorial/skimming_scripts/testClupea/fastq/ERR9709221_2.fastq.gz /projects/mjolnir1/people/sjr729/tutorial/skimming_scripts/testClupea/fastq/ERR9709224_1.fastq.gz /projects/mjolnir1/people/sjr729/tutorial/skimming_scripts/testClupea/fastq/ERR9709224_2.fastq.gz /projects/mjolnir1/people/sjr729/tutorial/skimming_scripts/testClupea/fastq/ERR9709225_1.fastq.gz /projects/mjolnir1/people/sjr729/tutorial/skimming_scripts/testClupea/fastq/ERR9709225_2.fastq.gz /projects/mjolnir1/people/sjr729/tutorial/skimming_scripts/testClupea/fastq/ERR9709226_1.fastq.gz /projects/mjolnir1/people/sjr729/tutorial/skimming_scripts/testClupea/fastq/ERR9709226_2.fastq.gz /projects/mjolnir1/people/sjr729/tutorial/skimming_scripts/testClupea/fastq/ERR9709227_1.fastq.gz /projects/mjolnir1/people/sjr729/tutorial/skimming_scripts/testClupea/fastq/ERR9709227_2.fastq.gz /projects/mjolnir1/people/sjr729/tutorial/skimming_scripts/testClupea/fastq/ERR9709228_1.fastq.gz /projects/mjolnir1/people/sjr729/tutorial/skimming_scripts/testClupea/fastq/ERR9709228_2.fastq.gz /projects/mjolnir1/people/sjr729/tutorial/skimming_scripts/testClupea/fastq/ERR9709230_1.fastq.gz /projects/mjolnir1/people/sjr729/tutorial/skimming_scripts/testClupea/fastq/ERR9709230_2.fastq.gz /projects/mjolnir1/people/sjr729/tutorial/skimming_scripts/testClupea/fastq/ERR9709231_1.fastq.gz /projects/mjolnir1/people/sjr729/tutorial/skimming_scripts/testClupea/fastq/ERR9709231_2.fastq.gz /projects/mjolnir1/people/sjr729/tutorial/skimming_scripts/testClupea/fastq/ERR9709234_1.fastq.gz /projects/mjolnir1/people/sjr729/tutorial/skimming_scripts/testClupea/fastq/ERR9709234_2.fastq.gz /projects/mjolnir1/people/sjr729/tutorial/skimming_scripts/testClupea/fastq/ERR9709235_1.fastq.gz /projects/mjolnir1/people/sjr729/tutorial/skimming_scripts/testClupea/fastq/ERR9709235_2.fastq.gz /projects/mjolnir1/people/sjr729/tutorial/skimming_scripts/testClupea/fastq/ERR9709236_1.fastq.gz /projects/mjolnir1/people/sjr729/tutorial/skimming_scripts/testClupea/fastq/ERR9709236_2.fastq.gz /projects/mjolnir1/people/sjr729/tutorial/skimming_scripts/testClupea/fastq/ERR9709238_1.fastq.gz /projects/mjolnir1/people/sjr729/tutorial/skimming_scripts/testClupea/fastq/ERR9709238_2.fastq.gz /projects/mjolnir1/people/sjr729/tutorial/skimming_scripts/testClupea/fastq/ERR9709240_1.fastq.gz /projects/mjolnir1/people/sjr729/tutorial/skimming_scripts/testClupea/fastq/ERR9709240_2.fastq.gz /projects/mjolnir1/people/sjr729/tutorial/skimming_scripts/testClupea/fastq/ERR9709241_1.fastq.gz /projects/mjolnir1/people/sjr729/tutorial/skimming_scripts/testClupea/fastq/ERR9709241_2.fastq.gz /projects/mjolnir1/people/sjr729/tutorial/skimming_scripts/testClupea/fastq/ERR9709242_1.fastq.gz /projects/mjolnir1/people/sjr729/tutorial/skimming_scripts/testClupea/fastq/ERR9709242_2.fastq.gz /projects/mjolnir1/people/sjr729/tutorial/skimming_scripts/testClupea/fastq/ERR9709243_1.fastq.gz /projects/mjolnir1/people/sjr729/tutorial/skimming_scripts/testClupea/fastq/ERR9709243_2.fastq.gz /projects/mjolnir1/people/sjr729/tutorial/skimming_scripts/testClupea/fastq/ERR9709244_1.fastq.gz /projects/mjolnir1/people/sjr729/tutorial/skimming_scripts/testClupea/fastq/ERR9709244_2.fastq.gz /projects/mjolnir1/people/sjr729/tutorial/skimming_scripts/testClupea/fastq/ERR9709245_1.fastq.gz /projects/mjolnir1/people/sjr729/tutorial/skimming_scripts/testClupea/fastq/ERR9709245_2.fastq.gz /projects/mjolnir1/people/sjr729/tutorial/skimming_scripts/testClupea/fastq/ERR9709246_1.fastq.gz /projects/mjolnir1/people/sjr729/tutorial/skimming_scripts/testClupea/fastq/ERR9709246_2.fastq.gz /projects/mjolnir1/people/sjr729/tutorial/skimming_scripts/testClupea/fastq/ERR9709247_1.fastq.gz /projects/mjolnir1/people/sjr729/tutorial/skimming_scripts/testClupea/fastq/ERR9709247_2.fastq.gz /projects/mjolnir1/people/sjr729/tutorial/skimming_scripts/testClupea/fastq/ERR9709248_1.fastq.gz /projects/mjolnir1/people/sjr729/tutorial/skimming_scripts/testClupea/fastq/ERR9709248_2.fastq.gz /projects/mjolnir1/people/sjr729/tutorial/skimming_scripts/testClupea/fastq/ERR9709249_1.fastq.gz /projects/mjolnir1/people/sjr729/tutorial/skimming_scripts/testClupea/fastq/ERR9709249_2.fastq.gz /projects/mjolnir1/people/sjr729/tutorial/skimming_scripts/testClupea/fastq/ERR9709251_1.fastq.gz /projects/mjolnir1/people/sjr729/tutorial/skimming_scripts/testClupea/fastq/ERR9709251_2.fastq.gz /projects/mjolnir1/people/sjr729/tutorial/skimming_scripts/testClupea/fastq/ERR9709252_1.fastq.gz /projects/mjolnir1/people/sjr729/tutorial/skimming_scripts/testClupea/fastq/ERR9709252_2.fastq.gz /projects/mjolnir1/people/sjr729/tutorial/skimming_scripts/testClupea/fastq/ERR9709253_1.fastq.gz /projects/mjolnir1/people/sjr729/tutorial/skimming_scripts/testClupea/fastq/ERR9709253_2.fastq.gz
+ for file in $(realpath ${INPUT}/*)
+ echo -e 'echarvel_fast-skims_11.07\t/maps/projects/mjolnir1/people/sjr729/tutorial/skimming_scripts/testClupea/fastq/echarvel_fast-skims_11.07'
+ for file in $(realpath ${INPUT}/*)
+ echo -e 'ERR9709202_1.fastq.gz\t/maps/projects/mjolnir1/people/sjr729/tutorial/skimming_scripts/testClupea/rawfastqmodernClupea/ERR9709202_1.fastq.gz'
+ for file in $(realpath ${INPUT}/*)
+ echo -e 'ERR9709202_2.fastq.gz\t/maps/projects/mjolnir1/people/sjr729/tutorial/skimming_scripts/testClupea/rawfastqmodernClupea/ERR9709202_2.fastq.gz'
+ for file in $(realpath ${INPUT}/*)
+ echo -e 'ERR9709203_1.fastq.gz\t/maps/projects/mjolnir1/people/sjr729/tutorial/skimming_scripts/Clupea/ERR9709203_1.fastq.gz'
+ for file in $(realpath ${INPUT}/*)
+ echo -e 'ERR9709203_2.fastq.gz\t/maps/projects/mjolnir1/people/sjr729/tutorial/skimming_scripts/Clupea/ERR9709203_2.fastq.gz'
+ for file in $(realpath ${INPUT}/*)
+ echo -e 'ERR9709204_1.fastq.gz\t/maps/projects/mjolnir1/people/sjr729/tutorial/skimming_scripts/Clupea/ERR9709204_1.fastq.gz'
+ for file in $(realpath ${INPUT}/*)
+ echo -e 'ERR9709204_2.fastq.gz\t/maps/projects/mjolnir1/people/sjr729/tutorial/skimming_scripts/Clupea/ERR9709204_2.fastq.gz'
+ for file in $(realpath ${INPUT}/*)
+ echo -e 'ERR9709206_1.fastq.gz\t/maps/projects/mjolnir1/people/sjr729/tutorial/skimming_scripts/testClupea/rawfastqmodernClupea/ERR9709206_1.fastq.gz'
+ for file in $(realpath ${INPUT}/*)
+ echo -e 'ERR9709206_2.fastq.gz\t/maps/projects/mjolnir1/people/sjr729/tutorial/skimming_scripts/testClupea/rawfastqmodernClupea/ERR9709206_2.fastq.gz'
+ for file in $(realpath ${INPUT}/*)
+ echo -e 'ERR9709208_1.fastq.gz\t/maps/projects/mjolnir1/people/sjr729/tutorial/skimming_scripts/Clupea/ERR9709208_1.fastq.gz'
+ for file in $(realpath ${INPUT}/*)
+ echo -e 'ERR9709208_2.fastq.gz\t/maps/projects/mjolnir1/people/sjr729/tutorial/skimming_scripts/Clupea/ERR9709208_2.fastq.gz'
+ for file in $(realpath ${INPUT}/*)
+ echo -e 'ERR9709209_1.fastq.gz\t/maps/projects/mjolnir1/people/sjr729/tutorial/skimming_scripts/Clupea/ERR9709209_1.fastq.gz'
+ for file in $(realpath ${INPUT}/*)
+ echo -e 'ERR9709209_2.fastq.gz\t/maps/projects/mjolnir1/people/sjr729/tutorial/skimming_scripts/Clupea/ERR9709209_2.fastq.gz'
+ for file in $(realpath ${INPUT}/*)
+ echo -e 'ERR9709210_1.fastq.gz\t/maps/projects/mjolnir1/people/sjr729/tutorial/skimming_scripts/testClupea/rawfastqmodernClupea/ERR9709210_1.fastq.gz'
+ for file in $(realpath ${INPUT}/*)
+ echo -e 'ERR9709210_2.fastq.gz\t/maps/projects/mjolnir1/people/sjr729/tutorial/skimming_scripts/testClupea/rawfastqmodernClupea/ERR9709210_2.fastq.gz'
+ for file in $(realpath ${INPUT}/*)
+ echo -e 'ERR9709211_1.fastq.gz\t/maps/projects/mjolnir1/people/sjr729/tutorial/skimming_scripts/Clupea/ERR9709211_1.fastq.gz'
+ for file in $(realpath ${INPUT}/*)
+ echo -e 'ERR9709211_2.fastq.gz\t/maps/projects/mjolnir1/people/sjr729/tutorial/skimming_scripts/Clupea/ERR9709211_2.fastq.gz'
+ for file in $(realpath ${INPUT}/*)
+ echo -e 'ERR9709212_1.fastq.gz\t/maps/projects/mjolnir1/people/sjr729/tutorial/skimming_scripts/testClupea/rawfastqmodernClupea/ERR9709212_1.fastq.gz'
+ for file in $(realpath ${INPUT}/*)
+ echo -e 'ERR9709212_2.fastq.gz\t/maps/projects/mjolnir1/people/sjr729/tutorial/skimming_scripts/testClupea/rawfastqmodernClupea/ERR9709212_2.fastq.gz'
+ for file in $(realpath ${INPUT}/*)
+ echo -e 'ERR9709213_1.fastq.gz\t/maps/projects/mjolnir1/people/sjr729/tutorial/skimming_scripts/testClupea/rawfastqmodernClupea/ERR9709213_1.fastq.gz'
+ for file in $(realpath ${INPUT}/*)
+ echo -e 'ERR9709213_2.fastq.gz\t/maps/projects/mjolnir1/people/sjr729/tutorial/skimming_scripts/testClupea/rawfastqmodernClupea/ERR9709213_2.fastq.gz'
+ for file in $(realpath ${INPUT}/*)
+ echo -e 'ERR9709214_1.fastq.gz\t/maps/projects/mjolnir1/people/sjr729/tutorial/skimming_scripts/Clupea/ERR9709214_1.fastq.gz'
+ for file in $(realpath ${INPUT}/*)
+ echo -e 'ERR9709214_2.fastq.gz\t/maps/projects/mjolnir1/people/sjr729/tutorial/skimming_scripts/Clupea/ERR9709214_2.fastq.gz'
+ for file in $(realpath ${INPUT}/*)
+ echo -e 'ERR9709215_1.fastq.gz\t/maps/projects/mjolnir1/people/sjr729/tutorial/skimming_scripts/testClupea/rawfastqmodernClupea/ERR9709215_1.fastq.gz'
+ for file in $(realpath ${INPUT}/*)
+ echo -e 'ERR9709215_2.fastq.gz\t/maps/projects/mjolnir1/people/sjr729/tutorial/skimming_scripts/testClupea/rawfastqmodernClupea/ERR9709215_2.fastq.gz'
+ for file in $(realpath ${INPUT}/*)
+ echo -e 'ERR9709216_1.fastq.gz\t/maps/projects/mjolnir1/people/sjr729/tutorial/skimming_scripts/testClupea/rawfastqmodernClupea/ERR9709216_1.fastq.gz'
+ for file in $(realpath ${INPUT}/*)
+ echo -e 'ERR9709216_2.fastq.gz\t/maps/projects/mjolnir1/people/sjr729/tutorial/skimming_scripts/testClupea/rawfastqmodernClupea/ERR9709216_2.fastq.gz'
+ for file in $(realpath ${INPUT}/*)
+ echo -e 'ERR9709217_1.fastq.gz\t/maps/projects/mjolnir1/people/sjr729/tutorial/skimming_scripts/Clupea/ERR9709217_1.fastq.gz'
+ for file in $(realpath ${INPUT}/*)
+ echo -e 'ERR9709217_2.fastq.gz\t/maps/projects/mjolnir1/people/sjr729/tutorial/skimming_scripts/Clupea/ERR9709217_2.fastq.gz'
+ for file in $(realpath ${INPUT}/*)
+ echo -e 'ERR9709218_1.fastq.gz\t/maps/projects/mjolnir1/people/sjr729/tutorial/skimming_scripts/Clupea/ERR9709218_1.fastq.gz'
+ for file in $(realpath ${INPUT}/*)
+ echo -e 'ERR9709218_2.fastq.gz\t/maps/projects/mjolnir1/people/sjr729/tutorial/skimming_scripts/Clupea/ERR9709218_2.fastq.gz'
+ for file in $(realpath ${INPUT}/*)
+ echo -e 'ERR9709220_1.fastq.gz\t/maps/projects/mjolnir1/people/sjr729/tutorial/skimming_scripts/testClupea/rawfastqmodernClupea/ERR9709220_1.fastq.gz'
+ for file in $(realpath ${INPUT}/*)
+ echo -e 'ERR9709220_2.fastq.gz\t/maps/projects/mjolnir1/people/sjr729/tutorial/skimming_scripts/testClupea/rawfastqmodernClupea/ERR9709220_2.fastq.gz'
+ for file in $(realpath ${INPUT}/*)
+ echo -e 'ERR9709221_1.fastq.gz\t/maps/projects/mjolnir1/people/sjr729/tutorial/skimming_scripts/testClupea/rawfastqmodernClupea/ERR9709221_1.fastq.gz'
+ for file in $(realpath ${INPUT}/*)
+ echo -e 'ERR9709221_2.fastq.gz\t/maps/projects/mjolnir1/people/sjr729/tutorial/skimming_scripts/testClupea/rawfastqmodernClupea/ERR9709221_2.fastq.gz'
+ for file in $(realpath ${INPUT}/*)
+ echo -e 'ERR9709224_1.fastq.gz\t/maps/projects/mjolnir1/people/sjr729/tutorial/skimming_scripts/testClupea/rawfastqmodernClupea/ERR9709224_1.fastq.gz'
+ for file in $(realpath ${INPUT}/*)
+ echo -e 'ERR9709224_2.fastq.gz\t/maps/projects/mjolnir1/people/sjr729/tutorial/skimming_scripts/testClupea/rawfastqmodernClupea/ERR9709224_2.fastq.gz'
+ for file in $(realpath ${INPUT}/*)
+ echo -e 'ERR9709225_1.fastq.gz\t/maps/projects/mjolnir1/people/sjr729/tutorial/skimming_scripts/testClupea/rawfastqmodernClupea/ERR9709225_1.fastq.gz'
+ for file in $(realpath ${INPUT}/*)
+ echo -e 'ERR9709225_2.fastq.gz\t/maps/projects/mjolnir1/people/sjr729/tutorial/skimming_scripts/testClupea/rawfastqmodernClupea/ERR9709225_2.fastq.gz'
+ for file in $(realpath ${INPUT}/*)
+ echo -e 'ERR9709226_1.fastq.gz\t/maps/projects/mjolnir1/people/sjr729/tutorial/skimming_scripts/testClupea/rawfastqmodernClupea/ERR9709226_1.fastq.gz'
+ for file in $(realpath ${INPUT}/*)
+ echo -e 'ERR9709226_2.fastq.gz\t/maps/projects/mjolnir1/people/sjr729/tutorial/skimming_scripts/testClupea/rawfastqmodernClupea/ERR9709226_2.fastq.gz'
+ for file in $(realpath ${INPUT}/*)
+ echo -e 'ERR9709227_1.fastq.gz\t/maps/projects/mjolnir1/people/sjr729/tutorial/skimming_scripts/testClupea/rawfastqmodernClupea/ERR9709227_1.fastq.gz'
+ for file in $(realpath ${INPUT}/*)
+ echo -e 'ERR9709227_2.fastq.gz\t/maps/projects/mjolnir1/people/sjr729/tutorial/skimming_scripts/testClupea/rawfastqmodernClupea/ERR9709227_2.fastq.gz'
+ for file in $(realpath ${INPUT}/*)
+ echo -e 'ERR9709228_1.fastq.gz\t/maps/projects/mjolnir1/people/sjr729/tutorial/skimming_scripts/Clupea/ERR9709228_1.fastq.gz'
+ for file in $(realpath ${INPUT}/*)
+ echo -e 'ERR9709228_2.fastq.gz\t/maps/projects/mjolnir1/people/sjr729/tutorial/skimming_scripts/Clupea/ERR9709228_2.fastq.gz'
+ for file in $(realpath ${INPUT}/*)
+ echo -e 'ERR9709230_1.fastq.gz\t/maps/projects/mjolnir1/people/sjr729/tutorial/skimming_scripts/testClupea/rawfastqmodernClupea/ERR9709230_1.fastq.gz'
+ for file in $(realpath ${INPUT}/*)
+ echo -e 'ERR9709230_2.fastq.gz\t/maps/projects/mjolnir1/people/sjr729/tutorial/skimming_scripts/testClupea/rawfastqmodernClupea/ERR9709230_2.fastq.gz'
+ for file in $(realpath ${INPUT}/*)
+ echo -e 'ERR9709231_1.fastq.gz\t/maps/projects/mjolnir1/people/sjr729/tutorial/skimming_scripts/testClupea/rawfastqmodernClupea/ERR9709231_1.fastq.gz'
+ for file in $(realpath ${INPUT}/*)
+ echo -e 'ERR9709231_2.fastq.gz\t/maps/projects/mjolnir1/people/sjr729/tutorial/skimming_scripts/testClupea/rawfastqmodernClupea/ERR9709231_2.fastq.gz'
+ for file in $(realpath ${INPUT}/*)
+ echo -e 'ERR9709234_1.fastq.gz\t/maps/projects/mjolnir1/people/sjr729/tutorial/skimming_scripts/Clupea/ERR9709234_1.fastq.gz'
+ for file in $(realpath ${INPUT}/*)
+ echo -e 'ERR9709234_2.fastq.gz\t/maps/projects/mjolnir1/people/sjr729/tutorial/skimming_scripts/Clupea/ERR9709234_2.fastq.gz'
+ for file in $(realpath ${INPUT}/*)
+ echo -e 'ERR9709235_1.fastq.gz\t/maps/projects/mjolnir1/people/sjr729/tutorial/skimming_scripts/Clupea/ERR9709235_1.fastq.gz'
+ for file in $(realpath ${INPUT}/*)
+ echo -e 'ERR9709235_2.fastq.gz\t/maps/projects/mjolnir1/people/sjr729/tutorial/skimming_scripts/Clupea/ERR9709235_2.fastq.gz'
+ for file in $(realpath ${INPUT}/*)
+ echo -e 'ERR9709236_1.fastq.gz\t/maps/projects/mjolnir1/people/sjr729/tutorial/skimming_scripts/testClupea/rawfastqmodernClupea/ERR9709236_1.fastq.gz'
+ for file in $(realpath ${INPUT}/*)
+ echo -e 'ERR9709236_2.fastq.gz\t/maps/projects/mjolnir1/people/sjr729/tutorial/skimming_scripts/testClupea/rawfastqmodernClupea/ERR9709236_2.fastq.gz'
+ for file in $(realpath ${INPUT}/*)
+ echo -e 'ERR9709238_1.fastq.gz\t/maps/projects/mjolnir1/people/sjr729/tutorial/skimming_scripts/Clupea/ERR9709238_1.fastq.gz'
+ for file in $(realpath ${INPUT}/*)
+ echo -e 'ERR9709238_2.fastq.gz\t/maps/projects/mjolnir1/people/sjr729/tutorial/skimming_scripts/Clupea/ERR9709238_2.fastq.gz'
+ for file in $(realpath ${INPUT}/*)
+ echo -e 'ERR9709240_1.fastq.gz\t/maps/projects/mjolnir1/people/sjr729/tutorial/skimming_scripts/Clupea/ERR9709240_1.fastq.gz'
+ for file in $(realpath ${INPUT}/*)
+ echo -e 'ERR9709240_2.fastq.gz\t/maps/projects/mjolnir1/people/sjr729/tutorial/skimming_scripts/Clupea/ERR9709240_2.fastq.gz'
+ for file in $(realpath ${INPUT}/*)
+ echo -e 'ERR9709241_1.fastq.gz\t/maps/projects/mjolnir1/people/sjr729/tutorial/skimming_scripts/testClupea/rawfastqmodernClupea/ERR9709241_1.fastq.gz'
+ for file in $(realpath ${INPUT}/*)
+ echo -e 'ERR9709241_2.fastq.gz\t/maps/projects/mjolnir1/people/sjr729/tutorial/skimming_scripts/testClupea/rawfastqmodernClupea/ERR9709241_2.fastq.gz'
+ for file in $(realpath ${INPUT}/*)
+ echo -e 'ERR9709242_1.fastq.gz\t/maps/projects/mjolnir1/people/sjr729/tutorial/skimming_scripts/testClupea/rawfastqmodernClupea/ERR9709242_1.fastq.gz'
+ for file in $(realpath ${INPUT}/*)
+ echo -e 'ERR9709242_2.fastq.gz\t/maps/projects/mjolnir1/people/sjr729/tutorial/skimming_scripts/testClupea/rawfastqmodernClupea/ERR9709242_2.fastq.gz'
+ for file in $(realpath ${INPUT}/*)
+ echo -e 'ERR9709243_1.fastq.gz\t/maps/projects/mjolnir1/people/sjr729/tutorial/skimming_scripts/Clupea/ERR9709243_1.fastq.gz'
+ for file in $(realpath ${INPUT}/*)
+ echo -e 'ERR9709243_2.fastq.gz\t/maps/projects/mjolnir1/people/sjr729/tutorial/skimming_scripts/Clupea/ERR9709243_2.fastq.gz'
+ for file in $(realpath ${INPUT}/*)
+ echo -e 'ERR9709244_1.fastq.gz\t/maps/projects/mjolnir1/people/sjr729/tutorial/skimming_scripts/Clupea/ERR9709244_1.fastq.gz'
+ for file in $(realpath ${INPUT}/*)
+ echo -e 'ERR9709244_2.fastq.gz\t/maps/projects/mjolnir1/people/sjr729/tutorial/skimming_scripts/Clupea/ERR9709244_2.fastq.gz'
+ for file in $(realpath ${INPUT}/*)
+ echo -e 'ERR9709245_1.fastq.gz\t/maps/projects/mjolnir1/people/sjr729/tutorial/skimming_scripts/testClupea/rawfastqmodernClupea/ERR9709245_1.fastq.gz'
+ for file in $(realpath ${INPUT}/*)
+ echo -e 'ERR9709245_2.fastq.gz\t/maps/projects/mjolnir1/people/sjr729/tutorial/skimming_scripts/testClupea/rawfastqmodernClupea/ERR9709245_2.fastq.gz'
+ for file in $(realpath ${INPUT}/*)
+ echo -e 'ERR9709246_1.fastq.gz\t/maps/projects/mjolnir1/people/sjr729/tutorial/skimming_scripts/testClupea/rawfastqmodernClupea/ERR9709246_1.fastq.gz'
+ for file in $(realpath ${INPUT}/*)
+ echo -e 'ERR9709246_2.fastq.gz\t/maps/projects/mjolnir1/people/sjr729/tutorial/skimming_scripts/testClupea/rawfastqmodernClupea/ERR9709246_2.fastq.gz'
+ for file in $(realpath ${INPUT}/*)
+ echo -e 'ERR9709247_1.fastq.gz\t/maps/projects/mjolnir1/people/sjr729/tutorial/skimming_scripts/testClupea/rawfastqmodernClupea/ERR9709247_1.fastq.gz'
+ for file in $(realpath ${INPUT}/*)
+ echo -e 'ERR9709247_2.fastq.gz\t/maps/projects/mjolnir1/people/sjr729/tutorial/skimming_scripts/testClupea/rawfastqmodernClupea/ERR9709247_2.fastq.gz'
+ for file in $(realpath ${INPUT}/*)
+ echo -e 'ERR9709248_1.fastq.gz\t/maps/projects/mjolnir1/people/sjr729/tutorial/skimming_scripts/testClupea/rawfastqmodernClupea/ERR9709248_1.fastq.gz'
+ for file in $(realpath ${INPUT}/*)
+ echo -e 'ERR9709248_2.fastq.gz\t/maps/projects/mjolnir1/people/sjr729/tutorial/skimming_scripts/testClupea/rawfastqmodernClupea/ERR9709248_2.fastq.gz'
+ for file in $(realpath ${INPUT}/*)
+ echo -e 'ERR9709249_1.fastq.gz\t/maps/projects/mjolnir1/people/sjr729/tutorial/skimming_scripts/Clupea/ERR9709249_1.fastq.gz'
+ for file in $(realpath ${INPUT}/*)
+ echo -e 'ERR9709249_2.fastq.gz\t/maps/projects/mjolnir1/people/sjr729/tutorial/skimming_scripts/Clupea/ERR9709249_2.fastq.gz'
+ for file in $(realpath ${INPUT}/*)
+ echo -e 'ERR9709251_1.fastq.gz\t/maps/projects/mjolnir1/people/sjr729/tutorial/skimming_scripts/testClupea/rawfastqmodernClupea/ERR9709251_1.fastq.gz'
+ for file in $(realpath ${INPUT}/*)
+ echo -e 'ERR9709251_2.fastq.gz\t/maps/projects/mjolnir1/people/sjr729/tutorial/skimming_scripts/testClupea/rawfastqmodernClupea/ERR9709251_2.fastq.gz'
+ for file in $(realpath ${INPUT}/*)
+ echo -e 'ERR9709252_1.fastq.gz\t/maps/projects/mjolnir1/people/sjr729/tutorial/skimming_scripts/testClupea/rawfastqmodernClupea/ERR9709252_1.fastq.gz'
+ for file in $(realpath ${INPUT}/*)
+ echo -e 'ERR9709252_2.fastq.gz\t/maps/projects/mjolnir1/people/sjr729/tutorial/skimming_scripts/testClupea/rawfastqmodernClupea/ERR9709252_2.fastq.gz'
+ for file in $(realpath ${INPUT}/*)
+ echo -e 'ERR9709253_1.fastq.gz\t/maps/projects/mjolnir1/people/sjr729/tutorial/skimming_scripts/Clupea/ERR9709253_1.fastq.gz'
+ for file in $(realpath ${INPUT}/*)
+ echo -e 'ERR9709253_2.fastq.gz\t/maps/projects/mjolnir1/people/sjr729/tutorial/skimming_scripts/Clupea/ERR9709253_2.fastq.gz'
+ /projects/mjolnir1/people/sjr729/skimming_scripts-echarvel/KRANK/krank query --library-dir /projects/mjolnir1/people/sjr729/skimming_scripts-echarvel/KRANK/lib_reps_adpt-k29_w35_h13_b16_s8 /projects/mjolnir1/people/sjr729/skimming_scripts-echarvel/KRANK/pangenome-05-2024-lib_rand_free-k29_w34_h13_b16_s8 --query-file /projects/mjolnir1/people/sjr729/tutorial/skimming_scripts/testClupea/fastq/echarvel_fast-skims_11.07/input_map.tsv --max-match-distance 5 --total-vote-threshold 0.03 --num-threads 18 --output-dir /projects/mjolnir1/people/sjr729/tutorial/skimming_scripts/testClupea/fastq/echarvel_fast-skims_11.07/krank_output/krank_reports/
KRANK version: v0.3.2
Library will be read from /projects/mjolnir1/people/sjr729/skimming_scripts-echarvel/KRANK/lib_reps_adpt-k29_w35_h13_b16_s8
Memory allocation for the library is completed successfully
Library is loaded and ready for performing queries
Details:
	Length of the k-mer, k: 29
	Number of positions of LSH, h: 13
	Number of columns in the table, b: 16
	Maximum capacity size: 1073741824
	Table row batch size: 262144
	Total number of rows: 67108864
	Number of species: 9019
	Total number of (non-unique) kmers: 7471309375
Library will be read from /projects/mjolnir1/people/sjr729/skimming_scripts-echarvel/KRANK/pangenome-05-2024-lib_rand_free-k29_w34_h13_b16_s8
Memory allocation for the library is completed successfully
Library is loaded and ready for performing queries
Details:
	Length of the k-mer, k: 29
	Number of positions of LSH, h: 13
	Number of columns in the table, b: 16
	Maximum capacity size: 1073741824
	Table row batch size: 262144
	Total number of rows: 67108864
	Number of species: 1
	Total number of (non-unique) kmers: 1373370812
Results will be written to /projects/mjolnir1/people/sjr729/tutorial/skimming_scripts/testClupea/fastq/echarvel_fast-skims_11.07/krank_output/krank_reports/
Querying the given sequences...
Results for the input queries have been saved
+ echo '-- KRANK run was successful!'
-- KRANK run was successful!
++ mktemp --directory /projects/mjolnir1/people/sjr729/tutorial/skimming_scripts/testClupea/fastq/echarvel_fast-skims_11.07/krank_output/tmp.XXXXXXX
+ tmp_dir=/projects/mjolnir1/people/sjr729/tutorial/skimming_scripts/testClupea/fastq/echarvel_fast-skims_11.07/krank_output/tmp.N8WLem9
++ realpath '/projects/mjolnir1/people/sjr729/tutorial/skimming_scripts/testClupea/fastq/*1.fq'
+ for file in $(realpath "${INPUT}/*${READ_1}")
+ read1='*1.fq'
+ read2='*2.fq'
+ sed -e s/@//g
+ grep --perl-regexp '\tU\t'
+ cut -f1
+ cat '/projects/mjolnir1/people/sjr729/tutorial/skimming_scripts/testClupea/fastq/echarvel_fast-skims_11.07/krank_output/krank_reports/classification_info-*1.fq'
cat: '/projects/mjolnir1/people/sjr729/tutorial/skimming_scripts/testClupea/fastq/echarvel_fast-skims_11.07/krank_output/krank_reports/classification_info-*1.fq': No such file or directory
+ grep --perl-regexp '\tU\t'
+ sed -e s/@//g
+ cat '/projects/mjolnir1/people/sjr729/tutorial/skimming_scripts/testClupea/fastq/echarvel_fast-skims_11.07/krank_output/krank_reports/classification_info-*2.fq'
+ cut -f1
cat: '/projects/mjolnir1/people/sjr729/tutorial/skimming_scripts/testClupea/fastq/echarvel_fast-skims_11.07/krank_output/krank_reports/classification_info-*2.fq': No such file or directory
+ /projects/mjolnir1/people/sjr729/skimming_scripts-echarvel/bbmap/filterbyname.sh 'in1=/projects/mjolnir1/people/sjr729/tutorial/skimming_scripts/testClupea/fastq/*1.fq' 'in2=/projects/mjolnir1/people/sjr729/tutorial/skimming_scripts/testClupea/fastq/*2.fq' 'out1=/projects/mjolnir1/people/sjr729/tutorial/skimming_scripts/testClupea/fastq/echarvel_fast-skims_11.07/krank_output/tmp.N8WLem9/*1.fq' 'out2=/projects/mjolnir1/people/sjr729/tutorial/skimming_scripts/testClupea/fastq/echarvel_fast-skims_11.07/krank_output/tmp.N8WLem9/*2.fq' threads=18 names=/projects/mjolnir1/people/sjr729/tutorial/skimming_scripts/testClupea/fastq/echarvel_fast-skims_11.07/krank_output/tmp.N8WLem9/unclass_readnames1.txt include=true overwrite=true
java -ea -Xmx248619m -cp /projects/mjolnir1/people/sjr729/skimming_scripts-echarvel/bbmap/current/ driver.FilterReadsByName in1=/projects/mjolnir1/people/sjr729/tutorial/skimming_scripts/testClupea/fastq/*1.fq in2=/projects/mjolnir1/people/sjr729/tutorial/skimming_scripts/testClupea/fastq/*2.fq out1=/projects/mjolnir1/people/sjr729/tutorial/skimming_scripts/testClupea/fastq/echarvel_fast-skims_11.07/krank_output/tmp.N8WLem9/*1.fq out2=/projects/mjolnir1/people/sjr729/tutorial/skimming_scripts/testClupea/fastq/echarvel_fast-skims_11.07/krank_output/tmp.N8WLem9/*2.fq threads=18 names=/projects/mjolnir1/people/sjr729/tutorial/skimming_scripts/testClupea/fastq/echarvel_fast-skims_11.07/krank_output/tmp.N8WLem9/unclass_readnames1.txt include=true overwrite=true
Executing driver.FilterReadsByName [in1=/projects/mjolnir1/people/sjr729/tutorial/skimming_scripts/testClupea/fastq/*1.fq, in2=/projects/mjolnir1/people/sjr729/tutorial/skimming_scripts/testClupea/fastq/*2.fq, out1=/projects/mjolnir1/people/sjr729/tutorial/skimming_scripts/testClupea/fastq/echarvel_fast-skims_11.07/krank_output/tmp.N8WLem9/*1.fq, out2=/projects/mjolnir1/people/sjr729/tutorial/skimming_scripts/testClupea/fastq/echarvel_fast-skims_11.07/krank_output/tmp.N8WLem9/*2.fq, threads=18, names=/projects/mjolnir1/people/sjr729/tutorial/skimming_scripts/testClupea/fastq/echarvel_fast-skims_11.07/krank_output/tmp.N8WLem9/unclass_readnames1.txt, include=true, overwrite=true]

Set threads to 18
Set INTERLEAVED to false
Exception in thread "main" java.lang.RuntimeException: Can't find file /projects/mjolnir1/people/sjr729/tutorial/skimming_scripts/testClupea/fastq/*1.fq
	at fileIO.ReadWrite.getRawInputStream(ReadWrite.java:933)
	at fileIO.ReadWrite.getInputStream(ReadWrite.java:898)
	at fileIO.ByteFile1.open(ByteFile1.java:330)
	at fileIO.ByteFile1.<init>(ByteFile1.java:100)
	at fileIO.ByteFile2$BF1Thread.<init>(ByteFile2.java:237)
	at fileIO.ByteFile2.open(ByteFile2.java:215)
	at fileIO.ByteFile2.<init>(ByteFile2.java:86)
	at fileIO.ByteFile.makeByteFile(ByteFile.java:35)
	at fileIO.ByteFile.makeByteFile(ByteFile.java:27)
	at stream.FastqReadInputStream.<init>(FastqReadInputStream.java:59)
	at stream.ConcurrentReadInputStream.getReadInputStream(ConcurrentReadInputStream.java:116)
	at stream.ConcurrentReadInputStream.getReadInputStream(ConcurrentReadInputStream.java:69)
	at driver.FilterReadsByName.process(FilterReadsByName.java:253)
	at driver.FilterReadsByName.main(FilterReadsByName.java:40)
+ /projects/mjolnir1/people/sjr729/skimming_scripts-echarvel/bbmap/filterbyname.sh 'in1=/projects/mjolnir1/people/sjr729/tutorial/skimming_scripts/testClupea/fastq/echarvel_fast-skims_11.07/krank_output/tmp.N8WLem9/*2.fq' 'in2=/projects/mjolnir1/people/sjr729/tutorial/skimming_scripts/testClupea/fastq/echarvel_fast-skims_11.07/krank_output/tmp.N8WLem9/*1.fq' 'out1=/projects/mjolnir1/people/sjr729/tutorial/skimming_scripts/testClupea/fastq/echarvel_fast-skims_11.07/krank_output/decontaminated_files/*2.fq' 'out2=/projects/mjolnir1/people/sjr729/tutorial/skimming_scripts/testClupea/fastq/echarvel_fast-skims_11.07/krank_output/decontaminated_files/*1.fq' threads=18 names=/projects/mjolnir1/people/sjr729/tutorial/skimming_scripts/testClupea/fastq/echarvel_fast-skims_11.07/krank_output/tmp.N8WLem9/unclass_readnames2.txt include=true overwrite=true
java -ea -Xmx248653m -cp /projects/mjolnir1/people/sjr729/skimming_scripts-echarvel/bbmap/current/ driver.FilterReadsByName in1=/projects/mjolnir1/people/sjr729/tutorial/skimming_scripts/testClupea/fastq/echarvel_fast-skims_11.07/krank_output/tmp.N8WLem9/*2.fq in2=/projects/mjolnir1/people/sjr729/tutorial/skimming_scripts/testClupea/fastq/echarvel_fast-skims_11.07/krank_output/tmp.N8WLem9/*1.fq out1=/projects/mjolnir1/people/sjr729/tutorial/skimming_scripts/testClupea/fastq/echarvel_fast-skims_11.07/krank_output/decontaminated_files/*2.fq out2=/projects/mjolnir1/people/sjr729/tutorial/skimming_scripts/testClupea/fastq/echarvel_fast-skims_11.07/krank_output/decontaminated_files/*1.fq threads=18 names=/projects/mjolnir1/people/sjr729/tutorial/skimming_scripts/testClupea/fastq/echarvel_fast-skims_11.07/krank_output/tmp.N8WLem9/unclass_readnames2.txt include=true overwrite=true
Executing driver.FilterReadsByName [in1=/projects/mjolnir1/people/sjr729/tutorial/skimming_scripts/testClupea/fastq/echarvel_fast-skims_11.07/krank_output/tmp.N8WLem9/*2.fq, in2=/projects/mjolnir1/people/sjr729/tutorial/skimming_scripts/testClupea/fastq/echarvel_fast-skims_11.07/krank_output/tmp.N8WLem9/*1.fq, out1=/projects/mjolnir1/people/sjr729/tutorial/skimming_scripts/testClupea/fastq/echarvel_fast-skims_11.07/krank_output/decontaminated_files/*2.fq, out2=/projects/mjolnir1/people/sjr729/tutorial/skimming_scripts/testClupea/fastq/echarvel_fast-skims_11.07/krank_output/decontaminated_files/*1.fq, threads=18, names=/projects/mjolnir1/people/sjr729/tutorial/skimming_scripts/testClupea/fastq/echarvel_fast-skims_11.07/krank_output/tmp.N8WLem9/unclass_readnames2.txt, include=true, overwrite=true]

Set threads to 18
Set INTERLEAVED to false
Exception in thread "main" java.lang.RuntimeException: Can't find file /projects/mjolnir1/people/sjr729/tutorial/skimming_scripts/testClupea/fastq/echarvel_fast-skims_11.07/krank_output/tmp.N8WLem9/*2.fq
	at fileIO.ReadWrite.getRawInputStream(ReadWrite.java:933)
	at fileIO.ReadWrite.getInputStream(ReadWrite.java:898)
	at fileIO.ByteFile1.open(ByteFile1.java:330)
	at fileIO.ByteFile1.<init>(ByteFile1.java:100)
	at fileIO.ByteFile2$BF1Thread.<init>(ByteFile2.java:237)
	at fileIO.ByteFile2.open(ByteFile2.java:215)
	at fileIO.ByteFile2.<init>(ByteFile2.java:86)
	at fileIO.ByteFile.makeByteFile(ByteFile.java:35)
	at fileIO.ByteFile.makeByteFile(ByteFile.java:27)
	at stream.FastqReadInputStream.<init>(FastqReadInputStream.java:59)
	at stream.ConcurrentReadInputStream.getReadInputStream(ConcurrentReadInputStream.java:116)
	at stream.ConcurrentReadInputStream.getReadInputStream(ConcurrentReadInputStream.java:69)
	at driver.FilterReadsByName.process(FilterReadsByName.java:253)
	at driver.FilterReadsByName.main(FilterReadsByName.java:40)
+ rm '/projects/mjolnir1/people/sjr729/tutorial/skimming_scripts/testClupea/fastq/echarvel_fast-skims_11.07/krank_output/tmp.N8WLem9/*2.fq' '/projects/mjolnir1/people/sjr729/tutorial/skimming_scripts/testClupea/fastq/echarvel_fast-skims_11.07/krank_output/tmp.N8WLem9/*1.fq'
rm: cannot remove '/projects/mjolnir1/people/sjr729/tutorial/skimming_scripts/testClupea/fastq/echarvel_fast-skims_11.07/krank_output/tmp.N8WLem9/*2.fq': No such file or directory
rm: cannot remove '/projects/mjolnir1/people/sjr729/tutorial/skimming_scripts/testClupea/fastq/echarvel_fast-skims_11.07/krank_output/tmp.N8WLem9/*1.fq': No such file or directory
+ /projects/mjolnir1/people/sjr729/skimming_scripts-echarvel/make_decontam_figs.sh order /projects/mjolnir1/people/sjr729/tutorial/skimming_scripts/testClupea/fastq/echarvel_fast-skims_11.07/krank_output/krank_reports/ /projects/mjolnir1/people/sjr729/tutorial/skimming_scripts/testClupea/fastq/echarvel_fast-skims_11.07
/projects/mjolnir1/people/sjr729/skimming_scripts-echarvel/make_decontam_figs.sh: line 24: R: command not found
+ rm -r /projects/mjolnir1/people/sjr729/tutorial/skimming_scripts/testClupea/fastq/echarvel_fast-skims_11.07/krank_output/tmp.N8WLem9
+ exec
+ echo 'PERFORMING BBMAP OPERATIONS...'
+ exec
+ exec
+ mkdir /projects/mjolnir1/people/sjr729/tutorial/skimming_scripts/testClupea/fastq/echarvel_fast-skims_11.07/bbmap_reads/
++ realpath '/projects/mjolnir1/people/sjr729/tutorial/skimming_scripts/testClupea/fastq/echarvel_fast-skims_11.07/krank_output/decontaminated_files/*1.fq'
+ for file in $(realpath "${OUTPUT_DIRECTORY}/krank_output/decontaminated_files/*${READ_1}")
+ read1='/maps/projects/mjolnir1/people/sjr729/tutorial/skimming_scripts/testClupea/fastq/echarvel_fast-skims_11.07/krank_output/decontaminated_files/*1.fq'
+ read2='/maps/projects/mjolnir1/people/sjr729/tutorial/skimming_scripts/testClupea/fastq/echarvel_fast-skims_11.07/krank_output/decontaminated_files/*2.fq'
+ out_read='*1.fq'
+ test -f '/maps/projects/mjolnir1/people/sjr729/tutorial/skimming_scripts/testClupea/fastq/echarvel_fast-skims_11.07/krank_output/decontaminated_files/*2.fq'
+ exec
+ echo 'OBTAINING GENOME DISTANCES FROM FULL COVERAGE SEQUENCES...'
+ exec
+ exec
++ ls /projects/mjolnir1/people/sjr729/tutorial/skimming_scripts/testClupea/fastq/echarvel_fast-skims_11.07/bbmap_reads/
+ skmer distance /projects/mjolnir1/people/sjr729/tutorial/skimming_scripts/testClupea/fastq/echarvel_fast-skims_11.07/skmer_library/ -p 18 -o /projects/mjolnir1/people/sjr729/tutorial/skimming_scripts/testClupea/fastq/echarvel_fast-skims_11.07/distance_matrix
FileNotFoundError: [Errno 2] No such file or directory: '/projects/mjolnir1/people/sjr729/tutorial/skimming_scripts/testClupea/fastq/echarvel_fast-skims_11.07/skmer_library/CONFIG'
+ rm -r /projects/mjolnir1/people/sjr729/tutorial/skimming_scripts/testClupea/fastq/echarvel_fast-skims_11.07/krank_output/decontaminated_files/
+ bash /projects/mjolnir1/people/sjr729/skimming_scripts-echarvel/tsv_to_phymat.sh /projects/mjolnir1/people/sjr729/tutorial/skimming_scripts/testClupea/fastq/echarvel_fast-skims_11.07/distance_matrix.txt /projects/mjolnir1/people/sjr729/tutorial/skimming_scripts/testClupea/fastq/echarvel_fast-skims_11.07/distance_matrix.phy
tail: cannot open '/projects/mjolnir1/people/sjr729/tutorial/skimming_scripts/testClupea/fastq/echarvel_fast-skims_11.07/distance_matrix.txt' for reading: No such file or directory
tail: cannot open '/projects/mjolnir1/people/sjr729/tutorial/skimming_scripts/testClupea/fastq/echarvel_fast-skims_11.07/distance_matrix.txt' for reading: No such file or directory
+ /projects/mjolnir1/people/sjr729/skimming_scripts-echarvel/fastme-2.1.5/binaries/fastme-2.1.5-linux64 -i /projects/mjolnir1/people/sjr729/tutorial/skimming_scripts/testClupea/fastq/echarvel_fast-skims_11.07/distance_matrix.phy -o /projects/mjolnir1/people/sjr729/tutorial/skimming_scripts/testClupea/fastq/echarvel_fast-skims_11.07/skmer_tree.tre

/projects/mjolnir1/people/sjr729/skimming_scripts-echarvel/skimming_pipeline.sh: line 224: 41442 Segmentation fault      (core dumped) ${SCRIPT_DIR}/fastme-2.1.5/binaries/fastme-2.1.5-linux64 -i "${OUTPUT_DIRECTORY}/distance_matrix.phy" -o "${OUTPUT_DIRECTORY}/skmer_tree.tre"
+ R --vanilla
+ echo '
	m=as.matrix(read.csv("/projects/mjolnir1/people/sjr729/tutorial/skimming_scripts/testClupea/fastq/echarvel_fast-skims_11.07/distance_matrix.txt",sep="\t",row.names=1)); 
	pdf("/projects/mjolnir1/people/sjr729/tutorial/skimming_scripts/testClupea/fastq/echarvel_fast-skims_11.07/skmer_figures.pdf", width=12,height=9); 
	plot(hclust(as.dist(m))); 
	heatmap(m, scale = "none"); 
	dev.off(); 
	write.table(file="/projects/mjolnir1/people/sjr729/tutorial/skimming_scripts/testClupea/fastq/echarvel_fast-skims_11.07/distance_matrix.txt",format(data.frame(name = row.names(m), m),digits=3),qu=F,sep="\t",row.names = FALSE);"
	'
/projects/mjolnir1/people/sjr729/skimming_scripts-echarvel/skimming_pipeline.sh: line 233: R: command not found
+ sed -e 's/:/\t/g' -e 's/^library.//' -e 's:/[^/]*.dat\t:\t:'
+ grep '' '/projects/mjolnir1/people/sjr729/tutorial/skimming_scripts/testClupea/fastq/echarvel_fast-skims_11.07/skmer_library/*/*.dat'
+ sort -k2
grep: /projects/mjolnir1/people/sjr729/tutorial/skimming_scripts/testClupea/fastq/echarvel_fast-skims_11.07/skmer_library/*/*.dat: No such file or directory
+ [[ SKMER == \R\E\S\P\E\C\T ]]
+ exec
+ echo 'SUBSAMPLING DATA...'
+ exec
+ exec
++ mktemp /projects/mjolnir1/people/sjr729/tutorial/skimming_scripts/testClupea/fastq/echarvel_fast-skims_11.07/coverages.XXXX
+ tmp_coverages=/projects/mjolnir1/people/sjr729/tutorial/skimming_scripts/testClupea/fastq/echarvel_fast-skims_11.07/coverages.7VU0
+ sed -e s/NA/1.0/g
+ sort
+ cut -f3
+ grep coverage /projects/mjolnir1/people/sjr729/tutorial/skimming_scripts/testClupea/fastq/echarvel_fast-skims_11.07/skmer_stats.tsv
+ [[ SKMER == \R\E\S\P\E\C\T ]]
+ awk '{x=$2/$3; printf "%s\t%s\t%s\t%.0f\n", $1, $2, $3, x}'
+ paste /dev/fd/63 /dev/fd/62
++ cat /projects/mjolnir1/people/sjr729/tutorial/skimming_scripts/testClupea/fastq/echarvel_fast-skims_11.07/coverages.7VU0
++ parallel -j 18 wc --lines '{}'
++ realpath '/projects/mjolnir1/people/sjr729/tutorial/skimming_scripts/testClupea/fastq/echarvel_fast-skims_11.07/bbmap_reads/*'
++ awk '{x=$1/4; printf "%s\t%.0f\n", $2, x}'
++ sort
wc: '/maps/projects/mjolnir1/people/sjr729/tutorial/skimming_scripts/testClupea/fastq/echarvel_fast-skims_11.07/bbmap_reads/*': No such file or directory
+ rm /projects/mjolnir1/people/sjr729/tutorial/skimming_scripts/testClupea/fastq/echarvel_fast-skims_11.07/coverages.7VU0
+ export -f subsample
+ export -f calc_new_subsample
+ for coverage in ${TARGET_COV}
+ mkdir --parents /projects/mjolnir1/people/sjr729/tutorial/skimming_scripts/testClupea/fastq/echarvel_fast-skims_11.07/subsampled_data/4x_data/reads/
++ cat /projects/mjolnir1/people/sjr729/tutorial/skimming_scripts/testClupea/fastq/echarvel_fast-skims_11.07/read_counts.tsv
++ tr '\t' ,
+ parallel -j 18 calc_new_subsample '{}' /projects/mjolnir1/people/sjr729/tutorial/skimming_scripts/testClupea/fastq/echarvel_fast-skims_11.07/subsampled_data/4x_data/reads/ 4 /projects/mjolnir1/people/sjr729/skimming_scripts-echarvel ::: ''
 
(standard_in) 2: syntax error
java -ea -Xms300m -cp /projects/mjolnir1/people/sjr729/skimming_scripts-echarvel/bbmap/current/ jgi.ReformatReads in= out1=/projects/mjolnir1/people/sjr729/tutorial/skimming_scripts/testClupea/fastq/echarvel_fast-skims_11.07/subsampled_data/4x_data/reads//tmp.BfiRxa out2=/projects/mjolnir1/people/sjr729/tutorial/skimming_scripts/testClupea/fastq/echarvel_fast-skims_11.07/subsampled_data/4x_data/reads//tmp.nOz3O1 overwrite=true
Executing jgi.ReformatReads [in=, out1=/projects/mjolnir1/people/sjr729/tutorial/skimming_scripts/testClupea/fastq/echarvel_fast-skims_11.07/subsampled_data/4x_data/reads//tmp.BfiRxa, out2=/projects/mjolnir1/people/sjr729/tutorial/skimming_scripts/testClupea/fastq/echarvel_fast-skims_11.07/subsampled_data/4x_data/reads//tmp.nOz3O1, overwrite=true]

Exception in thread "main" java.lang.RuntimeException: Error - at least one input file is required.
	at jgi.ReformatReads.<init>(ReformatReads.java:351)
	at jgi.ReformatReads.main(ReformatReads.java:51)
(standard_in) 1: syntax error
(standard_in) 1: syntax error
java -ea -Xms300m -cp /projects/mjolnir1/people/sjr729/skimming_scripts-echarvel/bbmap/current/ jgi.ReformatReads in1=/projects/mjolnir1/people/sjr729/tutorial/skimming_scripts/testClupea/fastq/echarvel_fast-skims_11.07/subsampled_data/4x_data/reads//temp2- in2=/projects/mjolnir1/people/sjr729/tutorial/skimming_scripts/testClupea/fastq/echarvel_fast-skims_11.07/subsampled_data/4x_data/reads//temp1- out=/projects/mjolnir1/people/sjr729/tutorial/skimming_scripts/testClupea/fastq/echarvel_fast-skims_11.07/subsampled_data/4x_data/reads// overwrite=true
Executing jgi.ReformatReads [in1=/projects/mjolnir1/people/sjr729/tutorial/skimming_scripts/testClupea/fastq/echarvel_fast-skims_11.07/subsampled_data/4x_data/reads//temp2-, in2=/projects/mjolnir1/people/sjr729/tutorial/skimming_scripts/testClupea/fastq/echarvel_fast-skims_11.07/subsampled_data/4x_data/reads//temp1-, out=/projects/mjolnir1/people/sjr729/tutorial/skimming_scripts/testClupea/fastq/echarvel_fast-skims_11.07/subsampled_data/4x_data/reads//, overwrite=true]

Set INTERLEAVED to false
Unspecified format for output /projects/mjolnir1/people/sjr729/tutorial/skimming_scripts/testClupea/fastq/echarvel_fast-skims_11.07/subsampled_data/4x_data/reads//; defaulting to fastq.
Unspecified format for input /projects/mjolnir1/people/sjr729/tutorial/skimming_scripts/testClupea/fastq/echarvel_fast-skims_11.07/subsampled_data/4x_data/reads//temp2-; defaulting to fastq.
Unspecified format for input /projects/mjolnir1/people/sjr729/tutorial/skimming_scripts/testClupea/fastq/echarvel_fast-skims_11.07/subsampled_data/4x_data/reads//temp1-; defaulting to fastq.
Input is being processed as paired
Writing interleaved.
Exception in thread "main" java.lang.RuntimeException: java.io.FileNotFoundException: /projects/mjolnir1/people/sjr729/tutorial/skimming_scripts/testClupea/fastq/echarvel_fast-skims_11.07/subsampled_data/4x_data/reads (Is a directory)
	at fileIO.ReadWrite.getRawOutputStream(ReadWrite.java:437)
	at fileIO.ReadWrite.getOutputStream(ReadWrite.java:402)
	at fileIO.ReadWrite.getOutputStream(ReadWrite.java:344)
	at stream.ReadStreamWriter.<init>(ReadStreamWriter.java:71)
	at stream.ReadStreamByteWriter.<init>(ReadStreamByteWriter.java:18)
	at stream.ConcurrentGenericReadOutputStream.<init>(ConcurrentGenericReadOutputStream.java:38)
	at stream.ConcurrentReadOutputStream.getStream(ConcurrentReadOutputStream.java:71)
	at stream.ConcurrentReadOutputStream.getStream(ConcurrentReadOutputStream.java:35)
	at jgi.ReformatReads.process(ReformatReads.java:500)
	at jgi.ReformatReads.main(ReformatReads.java:52)
Caused by: java.io.FileNotFoundException: /projects/mjolnir1/people/sjr729/tutorial/skimming_scripts/testClupea/fastq/echarvel_fast-skims_11.07/subsampled_data/4x_data/reads (Is a directory)
	at java.base/java.io.FileOutputStream.open0(Native Method)
	at java.base/java.io.FileOutputStream.open(FileOutputStream.java:289)
	at java.base/java.io.FileOutputStream.<init>(FileOutputStream.java:230)
	at java.base/java.io.FileOutputStream.<init>(FileOutputStream.java:150)
	at fileIO.ReadWrite.getRawOutputStream(ReadWrite.java:435)
	... 9 more
+ exec
+ echo 'PERFORMING SKIMMING OPERATIONS ON SUBSAMPLED DATA...'
+ exec
+ exec
+ for coverage in ${TARGET_COV}
++ ls /projects/mjolnir1/people/sjr729/tutorial/skimming_scripts/testClupea/fastq/echarvel_fast-skims_11.07/subsampled_data/4x_data/reads/
+ skmer distance /projects/mjolnir1/people/sjr729/tutorial/skimming_scripts/testClupea/fastq/echarvel_fast-skims_11.07/subsampled_data/4x_data/skmer_library/ -o /projects/mjolnir1/people/sjr729/tutorial/skimming_scripts/testClupea/fastq/echarvel_fast-skims_11.07/subsampled_data/4x_data/distance_matrix
FileNotFoundError: [Errno 2] No such file or directory: '/projects/mjolnir1/people/sjr729/tutorial/skimming_scripts/testClupea/fastq/echarvel_fast-skims_11.07/subsampled_data/4x_data/skmer_library/CONFIG'
+ mkdir --parents /projects/mjolnir1/people/sjr729/tutorial/skimming_scripts/testClupea/fastq/echarvel_fast-skims_11.07/subsampled_data/4x_data/respect/
+ echo -e 'Input\tread_length'
++ find /projects/mjolnir1/people/sjr729/tutorial/skimming_scripts/testClupea/fastq/echarvel_fast-skims_11.07/subsampled_data/4x_data/skmer_library/ -maxdepth 1 -mindepth 1 -type d
find: ‘/projects/mjolnir1/people/sjr729/tutorial/skimming_scripts/testClupea/fastq/echarvel_fast-skims_11.07/subsampled_data/4x_data/skmer_library/’: No such file or directory
+ respect --input-directories /projects/mjolnir1/people/sjr729/tutorial/skimming_scripts/testClupea/fastq/echarvel_fast-skims_11.07/subsampled_data/4x_data/respect/ --info-file /projects/mjolnir1/people/sjr729/tutorial/skimming_scripts/testClupea/fastq/echarvel_fast-skims_11.07/subsampled_data/4x_data/respect/hist_info.txt --output-directory /projects/mjolnir1/people/sjr729/tutorial/skimming_scripts/testClupea/fastq/echarvel_fast-skims_11.07/subsampled_data/4x_data/ --spectra-output-size 50 --iterations 1000 --threads 18
2024-07-12 18:01:31,912 WARNING:/projects/mjolnir1/people/sjr729/tutorial/skimming_scripts/testClupea/fastq/echarvel_fast-skims_11.07/subsampled_data/4x_data/respect/hist_info.txt does not have valid extension; it's skipped
No valid input file is provided. Please provide an input FASTQ/A or .hist file
