── Attaching core tidyverse packages ──────────────────────── tidyverse 2.0.0 ──
✔ dplyr     1.1.4     ✔ readr     2.1.5
✔ forcats   1.0.0     ✔ stringr   1.5.1
✔ ggplot2   3.5.1     ✔ tibble    3.2.1
✔ lubridate 1.9.3     ✔ tidyr     1.3.1
✔ purrr     1.0.2     
── Conflicts ────────────────────────────────────────── tidyverse_conflicts() ──
✖ dplyr::filter() masks stats::filter()
✖ dplyr::lag()    masks stats::lag()
ℹ Use the conflicted package (<http://conflicted.r-lib.org/>) to force all conflicts to become errors
Warning messages:
1: package ‘ggplot2’ was built under R version 4.2.3 
2: package ‘tibble’ was built under R version 4.2.3 
3: package ‘tidyr’ was built under R version 4.2.3 
4: package ‘readr’ was built under R version 4.2.3 
5: package ‘purrr’ was built under R version 4.2.3 
6: package ‘dplyr’ was built under R version 4.2.3 
7: package ‘stringr’ was built under R version 4.2.3 
8: package ‘forcats’ was built under R version 4.2.3 
9: package ‘lubridate’ was built under R version 4.2.3 

Attaching package: ‘cowplot’

The following object is masked from ‘package:lubridate’:

    stamp

Warning message:
package ‘cowplot’ was built under R version 4.2.3 
Rows: 14 Columns: 4
── Column specification ────────────────────────────────────────────────────────
Delimiter: "\t"
chr (4): sample_name, species, population, bam

ℹ Use `spec()` to retrieve the full column specification for this data.
ℹ Specify the column types or set `show_col_types = FALSE` to quiet this message.
Error: Could not guess the delimiter.

Use `vroom(delim =)` to specify one explicitly.
Execution halted
